<?xml version="1.0" encoding="UTF-8"?>
<testng-results ignored="0" total="1" passed="1" failed="0" skipped="0">
  <reporter-output>
  </reporter-output>
  <suite started-at="2025-02-22T10:14:51 IST" name="Default suite" finished-at="2025-02-22T10:15:33 IST" duration-ms="41984">
    <groups>
    </groups>
    <test started-at="2025-02-22T10:14:51 IST" name="Default test" finished-at="2025-02-22T10:15:33 IST" duration-ms="41984">
      <class name="testPackage.DeleteOrgTest">
        <test-method is-config="true" signature="configBaseSuit()[pri:0, instance:testPackage.DeleteOrgTest@78691363]" started-at="2025-02-22T10:14:51 IST" name="configBaseSuit" finished-at="2025-02-22T10:14:51 IST" duration-ms="17" status="PASS">
          <reporter-output>
          </reporter-output>
        </test-method> <!-- configBaseSuit -->
        <test-method is-config="true" signature="configBaseClass()[pri:0, instance:testPackage.DeleteOrgTest@78691363]" started-at="2025-02-22T10:14:51 IST" name="configBaseClass" finished-at="2025-02-22T10:14:53 IST" duration-ms="1863" status="PASS">
          <reporter-output>
          </reporter-output>
        </test-method> <!-- configBaseClass -->
        <test-method is-config="true" signature="configBaseMethod()[pri:0, instance:testPackage.DeleteOrgTest@78691363]" started-at="2025-02-22T10:14:53 IST" name="configBaseMethod" finished-at="2025-02-22T10:15:01 IST" duration-ms="8023" status="PASS">
          <reporter-output>
          </reporter-output>
        </test-method> <!-- configBaseMethod -->
        <test-method signature="deleteOrg()[pri:0, instance:testPackage.DeleteOrgTest@78691363]" started-at="2025-02-22T10:15:01 IST" name="deleteOrg" finished-at="2025-02-22T10:15:29 IST" duration-ms="28488" status="PASS">
          <reporter-output>
          </reporter-output>
        </test-method> <!-- deleteOrg -->
        <test-method is-config="true" signature="configAfterMethod()[pri:0, instance:testPackage.DeleteOrgTest@78691363]" started-at="2025-02-22T10:15:29 IST" name="configAfterMethod" finished-at="2025-02-22T10:15:33 IST" duration-ms="3377" status="PASS">
          <reporter-output>
          </reporter-output>
        </test-method> <!-- configAfterMethod -->
        <test-method is-config="true" signature="configAfterClass()[pri:0, instance:testPackage.DeleteOrgTest@78691363]" started-at="2025-02-22T10:15:33 IST" name="configAfterClass" finished-at="2025-02-22T10:15:33 IST" duration-ms="201" status="PASS">
          <reporter-output>
          </reporter-output>
        </test-method> <!-- configAfterClass -->
        <test-method is-config="true" signature="configAfterSuit()[pri:0, instance:testPackage.DeleteOrgTest@78691363]" started-at="2025-02-22T10:15:33 IST" name="configAfterSuit" finished-at="2025-02-22T10:15:33 IST" duration-ms="0" status="PASS">
          <reporter-output>
          </reporter-output>
        </test-method> <!-- configAfterSuit -->
      </class> <!-- testPackage.DeleteOrgTest -->
    </test> <!-- Default test -->
  </suite> <!-- Default suite -->
</testng-results>
